<?xml version="1.0" encoding="UTF-8"?>
<!-- Generated by org.testng.reporters.JUnitReportReporter -->
<testsuite hostname="DESKTOP-TVT2KFL" failures="0" tests="4" name="test.java.Runners.RunnerCuke" time="28.563" errors="0" timestamp="2021-03-10T10:19:50 IST" skipped="0">
  <testcase classname="test.java.Runners.RunnerCuke" name="runScenario" time="5.536"/>
  <system-out/>
  <testcase classname="test.java.Runners.RunnerCuke" name="runScenario" time="9.291"/>
  <system-out/>
  <testcase classname="test.java.Runners.RunnerCuke" name="runScenario" time="7.988"/>
  <system-out/>
  <testcase classname="test.java.Runners.RunnerCuke" name="runScenario" time="5.748"/>
  <system-out/>
</testsuite> <!-- RunnerCuke -->
